Test Configuration: pytest_n1_dist_no_parallel_auto
Command: pytest -n 1 --dist no --parallel-threads auto

Run 1: Time = 39.24s, Failures = 4
  Failing Tests:
    FAILED tests/test_compression.py::TestHuffmanCoding::test_huffman_coding - As...
    FAILED tests/test_heap.py::TestBinaryHeap::test_insert - AssertionError: List...
    FAILED tests/test_heap.py::TestBinaryHeap::test_remove_min - AssertionError: ...
    FAILED tests/test_linkedlist.py::TestSuite::test_is_palindrome - AssertionErr...
Run 2: Time = 54.70s, Failures = 4
  Failing Tests:
    FAILED tests/test_compression.py::TestHuffmanCoding::test_huffman_coding - As...
    FAILED tests/test_heap.py::TestBinaryHeap::test_insert - AssertionError: List...
    FAILED tests/test_heap.py::TestBinaryHeap::test_remove_min - AssertionError: ...
    FAILED tests/test_linkedlist.py::TestSuite::test_is_palindrome - AssertionErr...
Run 3: Time = 55.94s, Failures = 4
  Failing Tests:
    FAILED tests/test_compression.py::TestHuffmanCoding::test_huffman_coding - As...
    FAILED tests/test_heap.py::TestBinaryHeap::test_insert - AssertionError: List...
    FAILED tests/test_heap.py::TestBinaryHeap::test_remove_min - AssertionError: ...
    FAILED tests/test_linkedlist.py::TestSuite::test_is_palindrome - AssertionErr...

Average Execution Time: 49.96s
Average Failures: 4.00
