Test Configuration: pytest_n_auto_dist_no_parallel_auto
Command: pytest -n auto --dist no --parallel-threads auto

Run 1: Time = 52.28s, Failures = 4
  Failing Tests:
    FAILED tests/test_heap.py::TestBinaryHeap::test_insert - AssertionError: List...
    FAILED tests/test_heap.py::TestBinaryHeap::test_remove_min - AssertionError: ...
    FAILED tests/test_linkedlist.py::TestSuite::test_is_palindrome - AssertionErr...
    FAILED tests/test_compression.py::TestHuffmanCoding::test_huffman_coding - As...
Run 2: Time = 54.53s, Failures = 4
  Failing Tests:
    FAILED tests/test_heap.py::TestBinaryHeap::test_insert - AssertionError: List...
    FAILED tests/test_heap.py::TestBinaryHeap::test_remove_min - AssertionError: ...
    FAILED tests/test_linkedlist.py::TestSuite::test_is_palindrome - AssertionErr...
    FAILED tests/test_compression.py::TestHuffmanCoding::test_huffman_coding - As...
Run 3: Time = 53.58s, Failures = 4
  Failing Tests:
    FAILED tests/test_heap.py::TestBinaryHeap::test_insert - AssertionError: List...
    FAILED tests/test_heap.py::TestBinaryHeap::test_remove_min - AssertionError: ...
    FAILED tests/test_linkedlist.py::TestSuite::test_is_palindrome - AssertionErr...
    FAILED tests/test_compression.py::TestHuffmanCoding::test_huffman_coding - As...

Average Execution Time: 53.46s
Average Failures: 4.00
